android-app/admin/build/outputs/mapping/release/seeds.txt
com.zhuoyi.admin.AdminMainActivity
com.zhuoyi.admin.AdminMainActivity: AdminMainActivity()
...
androidx.appcompat.widget.AppCompatSpinner: android.graphics.drawable.Drawable getPopupBackground()
com.google.android.material.textfield.TextInputLayout: int getErrorCurrentTextColors()
androidx.lifecycle.EmptyActivityLifecycleCallbacks: void onActivitySaveInstanceState(android.app.Activity,android.os.Bundle)
com.google.android.material.chip.Chip: void setChipStrokeColorResource(int)
androidx.core.view.WindowInsetsCompat$Impl20: void loadReflectionField()
androidx.appcompat.widget.AppCompatImageButton: void setImageBitmap(android.graphics.Bitmap)
com.google.android.material.internal.NavigationMenuItemView: void setIconPadding(int)
com.google.android.material.checkbox.MaterialCheckBox: void setErrorAccessibilityLabelResource(int)
com.google.android.material.chip.Chip: float getChipEndPadding()
androidx.appcompat.widget.Toolbar: android.view.View getNavButtonView()
androidx.core.view.ViewCompat$Api28Impl: void setScreenReaderFocusable(android.view.View,boolean)
com.google.android.material.appbar.MaterialToolbar: void setLogoScaleType(android.widget.ImageView$ScaleType)
com.google.android.material.chip.Chip: void setCloseIconTint(android.content.res.ColorStateList)
androidx.appcompat.widget.SearchView: int getImeOptions()
com.google.android.material.textfield.TextInputLayout: android.graphics.drawable.Drawable getStartIconDrawable()
androidx.core.view.MarginLayoutParamsCompat$Api17Impl: int getMarginEnd(android.view.ViewGroup$MarginLayoutParams)
androidx.appcompat.widget.SearchView: void setImeOptions(int)
com.google.android.material.transformation.FabTransformationScrimBehavior: FabTransformationScrimBehavior(android.content.Context,android.util.AttributeSet)
com.google.android.material.snackbar.BaseTransientBottomBar$SnackbarBaseLayout: void setBaseTransientBottomBar(com.google.android.material.snackbar.BaseTransientBottomBar)
androidx.appcompat.widget.AppCompatMultiAutoCompleteTextView: void setSupportCompoundDrawablesTintList(android.content.res.ColorStateList)
com.google.android.material.chip.Chip: void setChipIconEnabledResource(int)
androidx.appcompat.widget.AppCompatRadioButton: void setBackgroundResource(int)
com.google.android.material.button.MaterialButton: int getCornerRadius()
androidx.appcompat.widget.ActionBarContainer: void setVisibility(int)
androidx.appcompat.widget.SearchView: void setIconified(boolean)
androidx.constraintlayout.solver.widgets.ConstraintAnchor$Type: androidx.constraintlayout.solver.widgets.ConstraintAnchor$Type valueOf(java.lang.String)
com.google.android.material.textfield.MaterialAutoCompleteTextView: void setSimpleItems(int)
androidx.core.view.ViewCompat$Api21Impl: void setBackgroundTintMode(android.view.View,android.graphics.PorterDuff$Mode)
androidx.core.view.WindowInsetsCompat$BuilderImpl: void setMandatorySystemGestureInsets(androidx.core.graphics.Insets)
androidx.coordinatorlayout.widget.CoordinatorLayout: void setStatusBarBackground(android.graphics.drawable.Drawable)
androidx.appcompat.widget.AppCompatRadioButton: void setSupportButtonTintMode(android.graphics.PorterDuff$Mode)
androidx.core.content.res.ResourcesCompat$Api23Impl: int getColor(android.content.res.Resources,int,android.content.res.Resources$Theme)
com.google.android.material.button.MaterialButton: void setOnPressedChangeListenerInternal(com.google.android.material.button.MaterialButton$OnPressedChangeListener)
com.google.android.material.button.MaterialButton: java.lang.String getA11yClassName()
com.google.android.material.datepicker.MaterialCalendarGridView: MaterialCalendarGridView(android.content.Context,android.util.AttributeSet)
androidx.constraintlayout.helper.widget.Flow: void setFirstHorizontalStyle(int)
androidx.appcompat.widget.Toolbar: void setTitle(java.lang.CharSequence)
androidx.core.view.ViewCompat$Api21Impl: void setZ(android.view.View,float)
com.google.android.material.textfield.TextInputLayout: void setErrorIconDrawable(int)