android-app/admin/build/outputs/mapping/release/mapping.txt
# compiler: R8
# compiler_version: 8.1.56
# min_api: 24
# common_typos_disable
# {"id":"com.android.tools.r8.mapping","version":"2.2"}
# pg_map_id: 568407b
# pg_map_hash: SHA-256 568407b3a4274201189a8879bfb2bd6c5609fe234edfb87f04c9bda4ef7ee969
com.zhuoyi.admin.AdminMainActivity -> com.zhuoyi.admin.AdminMainActivity:
    android.webkit.WebView webView -> a
    android.widget.ProgressBar progressBar -> b
    androidx.swiperefreshlayout.widget.SwipeRefreshLayout swipeRefreshLayout -> c
    android.webkit.ValueCallback uploadMessage -> d
    int $r8$clinit -> e
    56:86:void setupSwipeRefresh():0:0 -> onCreate
    56:86:void onCreate(android.os.Bundle):0 -> onCreate
    87:180:void setupWebView():0:0 -> onCreate
    87:180:void onCreate(android.os.Bundle):0 -> onCreate
    181:188:void onCreate(android.os.Bundle):0:0 -> onCreate
    19:23:void showExitDialog():0:0 -> onKeyDown
    19:23:boolean onKeyDown(int,android.view.KeyEvent):0 -> onKeyDown
    24:32:androidx.appcompat.app.AlertDialog$Builder androidx.appcompat.app.AlertDialog$Builder.setTitle(java.lang.CharSequence):0:0 -> onKeyDown
    24:32:void showExitDialog():0 -> onKeyDown
    24:32:boolean onKeyDown(int,android.view.KeyEvent):0 -> onKeyDown
    33:39:androidx.appcompat.app.AlertDialog$Builder androidx.appcompat.app.AlertDialog$Builder.setMessage(java.lang.CharSequence):0:0 -> onKeyDown
    33:39:void showExitDialog():0 -> onKeyDown
    33:39:boolean onKeyDown(int,android.view.KeyEvent):0 -> onKeyDown
    40:45:void showExitDialog():0:0 -> onKeyDown
    40:45:boolean onKeyDown(int,android.view.KeyEvent):0 -> onKeyDown
com.zhuoyi.admin.AdminMainActivity$$ExternalSyntheticLambda0 -> t1.a:
# {"id":"sourceFile","fileName":"R8$$SyntheticClass"}
# {"id":"com.android.tools.r8.synthesized"}
    int com.zhuoyi.admin.AdminMainActivity$$InternalSyntheticLambda$1$86498043ddd40de1a40b3b57176b3297fcc2cb5e2a89c5e79874ecf1cc72262a$0.$r8$classId -> a
    com.zhuoyi.admin.AdminMainActivity com.zhuoyi.admin.AdminMainActivity$$InternalSyntheticLambda$1$86498043ddd40de1a40b3b57176b3297fcc2cb5e2a89c5e79874ecf1cc72262a$0.f$0 -> b
    1:8:void com.zhuoyi.admin.AdminMainActivity$$InternalSyntheticLambda$1$86498043ddd40de1a40b3b57176b3297fcc2cb5e2a89c5e79874ecf1cc72262a$0.<init>(com.zhuoyi.admin.AdminMainActivity):0:0 -> <init>
    1:8:void com.zhuoyi.admin.AdminMainActivity$$InternalSyntheticLambda$1$86498043ddd40de1a40b3b57176b3297fcc2cb5e2a89c5e79874ecf1cc72262a$0.$r8$init$synthetic(com.zhuoyi.admin.AdminMainActivity,int):0 -> <init>
      # {"id":"com.android.tools.r8.synthesized"}
    9:14:void com.zhuoyi.admin.AdminMainActivity.lambda$showErrorDialog$2(android.content.DialogInterface,int):0:0 -> onClick
    9:14:void com.zhuoyi.admin.AdminMainActivity$$InternalSyntheticLambda$1$86498043ddd40de1a40b3b57176b3297fcc2cb5e2a89c5e79874ecf1cc72262a$0.onClick$bridge(android.content.DialogInterface,int):0 -> onClick
      # {"id":"com.android.tools.r8.synthesized"}
...
kotlinx.coroutines.internal.ResizableAtomicArray -> i2.g:
    1:1:void <init>(int):0:0 -> <init>
    1:1:int currentLength():0:0 -> a
    1:1:java.lang.Object get(int):0:0 -> b
    1:1:void setSynchronized(int,java.lang.Object):0:0 -> c
      # {"id":"com.android.tools.r8.residualsignature","signature":"(ILkotlinx/coroutines/scheduling/a;)V"}
kotlinx.coroutines.internal.SystemPropsKt__SystemPropsKt -> i2.h:
    int AVAILABLE_PROCESSORS -> a
    1:1:void <clinit>():0:0 -> <clinit>
kotlinx.coroutines.scheduling.CoroutineScheduler -> kotlinx.coroutines.scheduling.b:
    int corePoolSize -> a
    int maxPoolSize -> b
    long idleWorkerKeepAliveNs -> c
    java.lang.String schedulerName -> d
    kotlinx.coroutines.scheduling.GlobalQueue globalCpuQueue -> e
    kotlinx.coroutines.scheduling.GlobalQueue globalBlockingQueue -> f
    kotlinx.coroutines.internal.ResizableAtomicArray workers -> g
    java.util.concurrent.atomic.AtomicLongFieldUpdater parkedWorkersStack$FU -> h
    java.util.concurrent.atomic.AtomicLongFieldUpdater controlState$FU -> i
    java.util.concurrent.atomic.AtomicIntegerFieldUpdater _isTerminated$FU -> j
    kotlinx.coroutines.internal.Symbol NOT_IN_STACK -> k
    4:7:boolean isTerminated():0:0 -> a
    4:7:int createNewWorker():0 -> a
    8:123:int createNewWorker():0:0 -> a
    1:5:kotlinx.coroutines.scheduling.Task createTask(java.lang.Runnable,kotlinx.coroutines.scheduling.TaskContext):0:0 -> b
    1:5:void dispatch(java.lang.Runnable,kotlinx.coroutines.scheduling.TaskContext,boolean):0 -> b
      # {"id":"com.android.tools.r8.residualsignature","signature":"(Ljava/lang/Runnable;Lkotlinx/coroutines/scheduling/i;Z)V"}
    6:9:long kotlinx.coroutines.scheduling.NanoTimeSource.nanoTime():0:0 -> b
    6:9:kotlinx.coroutines.scheduling.Task createTask(java.lang.Runnable,kotlinx.coroutines.scheduling.TaskContext):0 -> b
    6:9:void dispatch(java.lang.Runnable,kotlinx.coroutines.scheduling.TaskContext,boolean):0 -> b
kotlinx.coroutines.scheduling.CoroutineScheduler$Worker -> kotlinx.coroutines.scheduling.a:
    kotlinx.coroutines.scheduling.WorkQueue localQueue -> a
    kotlinx.coroutines.scheduling.CoroutineScheduler$WorkerState state -> b
    long terminationDeadline -> c
    long minDelayUntilStealableTaskNs -> d
    int rngState -> e
    boolean mayHaveLocalTasks -> f
    kotlinx.coroutines.scheduling.CoroutineScheduler this$0 -> g
    java.util.concurrent.atomic.AtomicIntegerFieldUpdater workerCtl$FU -> h
    3:33:void <init>(kotlinx.coroutines.scheduling.CoroutineScheduler):0:0 -> <init>
    3:33:void <init>(kotlinx.coroutines.scheduling.CoroutineScheduler,int):0 -> <init>
      # {"id":"com.android.tools.r8.residualsignature","signature":"(Lkotlinx/coroutines/scheduling/b;I)V"}
    34:35:kotlin.random.Random kotlin.random.Random.access$getDefaultRandom$cp():0:0 -> <init>
    34:35:int kotlin.random.Random$Default.nextInt():0 -> <init>
    34:35:void <init>(kotlinx.coroutines.scheduling.CoroutineScheduler):0 -> <init>
    34:35:void <init>(kotlinx.coroutines.scheduling.CoroutineScheduler,int):0 -> <init>
    36:39:int kotlin.random.AbstractPlatformRandom.nextInt():0:0 -> <init>
    36:39:int kotlin.random.Random$Default.nextInt():0 -> <init>
      # {"id":"com.android.tools.r8.rewriteFrame","conditions":["throws(Ljava/lang/NullPointerException;)"],"actions":["removeInnerFrames(1)"]}
    36:39:void <init>(kotlinx.coroutines.scheduling.CoroutineScheduler):0 -> <init>