android-app/admin/build/outputs/mapping/release/usage.txt
com.zhuoyi.admin.AdminMainActivity:
    private static final java.lang.String ADMIN_URL
    private static final int FILE_CHOOSER_RESULT_CODE
com.zhuoyi.admin.R$color
com.zhuoyi.admin.R$drawable
com.zhuoyi.admin.R$id:
    private void <init>()
com.zhuoyi.admin.R$layout:
    private void <init>()
com.zhuoyi.admin.R$mipmap
com.zhuoyi.admin.R$string
com.zhuoyi.admin.R$style
com.zhuoyi.admin.R$xml
com.zhuoyi.admin.R
com.zhuoyi.admin.AdminMainActivity$$InternalSyntheticLambda$1$d2d8c412be070b50f30a3f185c258d797905228dc52fb88cfa27c06cfd9a4c8b$0
com.zhuoyi.admin.AdminMainActivity$$InternalSyntheticLambda$1$d2d8c412be070b50f30a3f185c258d797905228dc52fb88cfa27c06cfd9a4c8b$1
com.zhuoyi.admin.AdminMainActivity$$InternalSyntheticLambda$1$e828af15f9978096d0fb0f7e6f917c86f5e86165673e1ea4bfef9be4b61d437e$0
com.zhuoyi.admin.AdminMainActivity$$InternalSyntheticLambda$2$966cc2a5ac65fab1fe320b3fdd29002a723d4513297281d06dd9f0127cf8f59d$0
com.zhuoyi.admin.AdminMainActivity:
    public static synthetic android.widget.ProgressBar access$100()
    public static synthetic android.webkit.ValueCallback access$200()
    public static void setupSwipeRefresh()
    public static void setupWebView()
    public static void showErrorDialog()
    public static void showExitDialog()
com.zhuoyi.admin.R$id
com.zhuoyi.admin.R$layout
...
okhttp3.Connection
okhttp3.ConnectionPool
okhttp3.ConnectionSpec$Builder
okhttp3.ConnectionSpec$Companion
okhttp3.ConnectionSpec
okhttp3.Cookie$Builder
okhttp3.Cookie$Companion
okhttp3.Cookie
okhttp3.CookieJar$Companion$NoCookies
okhttp3.CookieJar$Companion
okhttp3.CookieJar
okhttp3.Credentials
okhttp3.Dispatcher
okhttp3.Dns$Companion$DnsSystem
okhttp3.Dns$Companion
okhttp3.Dns
okhttp3.EventListener$Companion$NONE$1
okhttp3.EventListener$Companion
okhttp3.EventListener$Factory
okhttp3.EventListener
okhttp3.FormBody$Builder
okhttp3.FormBody$Companion
okhttp3.FormBody
okhttp3.Handshake$Companion$get$1
okhttp3.Handshake$Companion$handshake$1
okhttp3.Handshake$Companion
okhttp3.Handshake$peerCertificates$2
okhttp3.Handshake
okhttp3.Headers$Builder
okhttp3.Headers$Companion
okhttp3.Headers
okhttp3.HttpUrl$Builder$Companion
okhttp3.HttpUrl$Builder
okhttp3.HttpUrl$Companion
okhttp3.HttpUrl
okhttp3.Interceptor$Chain
okhttp3.Interceptor$Companion$invoke$1
okhttp3.Interceptor$Companion
okhttp3.Interceptor
okhttp3.MediaType$Companion
okhttp3.MediaType
okhttp3.MultipartBody$Builder
okhttp3.MultipartBody$Companion
okhttp3.MultipartBody$Part$Companion
okhttp3.MultipartBody$Part
okhttp3.MultipartBody
okhttp3.MultipartReader$Companion
okhttp3.MultipartReader$Part
okhttp3.MultipartReader$PartSource
okhttp3.MultipartReader
okhttp3.OkHttp
okhttp3.OkHttpClient$Builder$addInterceptor$2
okhttp3.OkHttpClient$Builder$addNetworkInterceptor$2
okhttp3.OkHttpClient$Builder
okhttp3.OkHttpClient$Companion
okhttp3.OkHttpClient
okhttp3.Protocol$Companion
okhttp3.Protocol
okhttp3.Request$Builder
okhttp3.Request
okhttp3.RequestBody$Companion$asRequestBody$1
okhttp3.RequestBody$Companion$toRequestBody$1
okhttp3.RequestBody$Companion$toRequestBody$2
okhttp3.RequestBody$Companion
okhttp3.RequestBody
okhttp3.Response$Builder
okhttp3.Response
okhttp3.ResponseBody$BomAwareReader
okhttp3.ResponseBody$Companion$asResponseBody$1
okhttp3.ResponseBody$Companion
okhttp3.ResponseBody
okhttp3.Route
okhttp3.TlsVersion$Companion
okhttp3.TlsVersion
okhttp3.WebSocket$Factory
okhttp3.WebSocket
okhttp3.WebSocketListener
okhttp3.internal.HostnamesKt
okhttp3.internal.Internal
okhttp3.internal.SuppressSignatureCheck
okhttp3.internal.Util
okhttp3.internal.authenticator.JavaNetAuthenticator$WhenMappings
okhttp3.internal.authenticator.JavaNetAuthenticator
okhttp3.internal.cache.CacheInterceptor$Companion
okhttp3.internal.cache.CacheInterceptor$cacheWritingResponse$cacheWritingSource$1
okhttp3.internal.cache.CacheInterceptor
okhttp3.internal.cache.CacheRequest
okhttp3.internal.cache.CacheStrategy$Companion
okhttp3.internal.cache.CacheStrategy$Factory
okhttp3.internal.cache.CacheStrategy
okhttp3.internal.cache.DiskLruCache$Companion
okhttp3.internal.cache.DiskLruCache$Editor$newSink$1$1
okhttp3.internal.cache.DiskLruCache$Editor
okhttp3.internal.cache.DiskLruCache$Entry$newSource$1
okhttp3.internal.cache.DiskLruCache$Entry
okhttp3.internal.cache.DiskLruCache$Snapshot
okhttp3.internal.cache.DiskLruCache$cleanupTask$1
okhttp3.internal.cache.DiskLruCache$newJournalWriter$faultHidingSink$1
okhttp3.internal.cache.DiskLruCache$snapshots$1
okhttp3.internal.cache.DiskLruCache
okhttp3.internal.cache.FaultHidingSink
okhttp3.internal.cache2.FileOperator
okhttp3.internal.cache2.Relay$Companion
okhttp3.internal.cache2.Relay$RelaySource
okhttp3.internal.cache2.Relay
okhttp3.internal.concurrent.Task
okhttp3.internal.concurrent.TaskLoggerKt
okhttp3.internal.concurrent.TaskQueue$AwaitIdleTask
okhttp3.internal.concurrent.TaskQueue$execute$1
okhttp3.internal.concurrent.TaskQueue$schedule$2
okhttp3.internal.concurrent.TaskQueue
okhttp3.internal.concurrent.TaskRunner$Backend
okhttp3.internal.concurrent.TaskRunner$Companion
okhttp3.internal.concurrent.TaskRunner$RealBackend
okhttp3.internal.concurrent.TaskRunner$runnable$1
okhttp3.internal.concurrent.TaskRunner
okhttp3.internal.connection.ConnectInterceptor
okhttp3.internal.connection.ConnectionSpecSelector